<?xml version="1.0" encoding="UTF-8"?>
<!-- Generated by org.testng.reporters.JUnitReportReporter -->
<testsuite hostname="DESKTOP-FKGN1L5" failures="0" tests="1" name="Base.BaseClass" time="7.010" errors="0" timestamp="2021-10-18T22:15:37 IST" skipped="0">
  <testcase classname="Base.BaseClass" name="sampletest" time="7.010"/>
  <system-out/>
</testsuite> <!-- Base.BaseClass -->
